2020-02-20 13:37:31 下午 [Thread: pool-2-thread-1][ Class:netty.Handler >> Method: netty.Handler.channelRead(Handler.java:29) ]
INFO:===================进入netty channelRead了=======================
2020-02-20 13:37:31 下午 [Thread: pool-2-thread-1][ Class:netty.Handler >> Method: netty.Handler.channelRead(Handler.java:31) ]
INFO:进入http请求了
2020-02-20 13:37:31 下午 [Thread: pool-2-thread-1][ Class:io.netty.channel.DefaultChannelPipeline >> Method: io.netty.channel.DefaultChannelPipeline.onUnhandledInboundException(DefaultChannelPipeline.java:1188) ]
WARN:An exceptionCaught() event was fired, and it reached at the tail of the pipeline. It usually means the last handler in the pipeline did not handle the exception.
java.lang.ArrayIndexOutOfBoundsException: 1
	at netty.Handler.handleHttpRequest(Handler.java:64)
	at netty.Handler.channelRead(Handler.java:32)
	at io.netty.channel.AbstractChannelHandlerContext.invokeChannelRead(AbstractChannelHandlerContext.java:362)
	at io.netty.channel.AbstractChannelHandlerContext.invokeChannelRead(AbstractChannelHandlerContext.java:348)
	at io.netty.channel.AbstractChannelHandlerContext.fireChannelRead(AbstractChannelHandlerContext.java:340)
	at io.netty.channel.ChannelInboundHandlerAdapter.channelRead(ChannelInboundHandlerAdapter.java:86)
	at io.netty.channel.AbstractChannelHandlerContext.invokeChannelRead(AbstractChannelHandlerContext.java:362)
	at io.netty.channel.AbstractChannelHandlerContext.invokeChannelRead(AbstractChannelHandlerContext.java:348)
	at io.netty.channel.AbstractChannelHandlerContext.fireChannelRead(AbstractChannelHandlerContext.java:340)
	at io.netty.handler.codec.MessageToMessageDecoder.channelRead(MessageToMessageDecoder.java:102)
	at io.netty.channel.AbstractChannelHandlerContext.invokeChannelRead(AbstractChannelHandlerContext.java:362)
	at io.netty.channel.AbstractChannelHandlerContext.invokeChannelRead(AbstractChannelHandlerContext.java:348)
	at io.netty.channel.AbstractChannelHandlerContext.fireChannelRead(AbstractChannelHandlerContext.java:340)
	at io.netty.handler.codec.ByteToMessageDecoder.fireChannelRead(ByteToMessageDecoder.java:323)
	at io.netty.handler.codec.ByteToMessageDecoder.channelRead(ByteToMessageDecoder.java:297)
	at io.netty.channel.AbstractChannelHandlerContext.invokeChannelRead(AbstractChannelHandlerContext.java:362)
	at io.netty.channel.AbstractChannelHandlerContext.invokeChannelRead(AbstractChannelHandlerContext.java:348)
	at io.netty.channel.AbstractChannelHandlerContext.fireChannelRead(AbstractChannelHandlerContext.java:340)
	at io.netty.channel.DefaultChannelPipeline$HeadContext.channelRead(DefaultChannelPipeline.java:1434)
	at io.netty.channel.AbstractChannelHandlerContext.invokeChannelRead(AbstractChannelHandlerContext.java:362)
	at io.netty.channel.AbstractChannelHandlerContext.invokeChannelRead(AbstractChannelHandlerContext.java:348)
	at io.netty.channel.DefaultChannelPipeline.fireChannelRead(DefaultChannelPipeline.java:965)
	at io.netty.channel.epoll.AbstractEpollStreamChannel$EpollStreamUnsafe.epollInReady(AbstractEpollStreamChannel.java:799)
	at io.netty.channel.epoll.EpollEventLoop.processReady(EpollEventLoop.java:421)
	at io.netty.channel.epoll.EpollEventLoop.run(EpollEventLoop.java:321)
	at io.netty.util.concurrent.SingleThreadEventExecutor$5.run(SingleThreadEventExecutor.java:897)
	at java.util.concurrent.ThreadPoolExecutor.runWorker(ThreadPoolExecutor.java:1149)
	at java.util.concurrent.ThreadPoolExecutor$Worker.run(ThreadPoolExecutor.java:624)
	at java.lang.Thread.run(Thread.java:748)
2020-02-20 13:40:04 下午 [Thread: pool-2-thread-1][ Class:netty.Handler >> Method: netty.Handler.channelRead(Handler.java:29) ]
INFO:===================进入netty channelRead了=======================
2020-02-20 13:40:04 下午 [Thread: pool-2-thread-1][ Class:netty.Handler >> Method: netty.Handler.channelRead(Handler.java:31) ]
INFO:进入http请求了
2020-02-20 13:40:04 下午 [Thread: pool-2-thread-1][ Class:netty.Handler >> Method: netty.Handler.handleHttpRequest(Handler.java:64) ]
INFO:data:,URL: /t1/t2/t3,URLsplit: [1]:t1,[2]:t2,[3]:t3
2020-02-20 13:40:04 下午 [Thread: pool-2-thread-1][ Class:netty.Handler >> Method: netty.Handler.handleHttpRequest(Handler.java:69) ]
ERROR:===========全局异常错误!!!===========
2020-02-20 13:40:04 下午 [Thread: pool-2-thread-1][ Class:netty.Handler >> Method: netty.Handler.channelRead(Handler.java:39) ]
INFO:最后返回数据{"message":"Bad"}
2020-02-20 13:40:04 下午 [Thread: pool-2-thread-1][ Class:netty.Handler >> Method: netty.Handler.channelRead(Handler.java:29) ]
INFO:===================进入netty channelRead了=======================
2020-02-20 13:40:04 下午 [Thread: pool-2-thread-1][ Class:netty.Handler >> Method: netty.Handler.channelRead(Handler.java:31) ]
INFO:进入http请求了
2020-02-20 13:40:04 下午 [Thread: pool-2-thread-1][ Class:io.netty.channel.DefaultChannelPipeline >> Method: io.netty.channel.DefaultChannelPipeline.onUnhandledInboundException(DefaultChannelPipeline.java:1188) ]
WARN:An exceptionCaught() event was fired, and it reached at the tail of the pipeline. It usually means the last handler in the pipeline did not handle the exception.
java.lang.ArrayIndexOutOfBoundsException: 2
	at netty.Handler.handleHttpRequest(Handler.java:64)
	at netty.Handler.channelRead(Handler.java:32)
	at io.netty.channel.AbstractChannelHandlerContext.invokeChannelRead(AbstractChannelHandlerContext.java:362)
	at io.netty.channel.AbstractChannelHandlerContext.invokeChannelRead(AbstractChannelHandlerContext.java:348)
	at io.netty.channel.AbstractChannelHandlerContext.fireChannelRead(AbstractChannelHandlerContext.java:340)
	at io.netty.channel.ChannelInboundHandlerAdapter.channelRead(ChannelInboundHandlerAdapter.java:86)
	at io.netty.channel.AbstractChannelHandlerContext.invokeChannelRead(AbstractChannelHandlerContext.java:362)
	at io.netty.channel.AbstractChannelHandlerContext.invokeChannelRead(AbstractChannelHandlerContext.java:348)
	at io.netty.channel.AbstractChannelHandlerContext.fireChannelRead(AbstractChannelHandlerContext.java:340)
	at io.netty.handler.codec.MessageToMessageDecoder.channelRead(MessageToMessageDecoder.java:102)
	at io.netty.channel.AbstractChannelHandlerContext.invokeChannelRead(AbstractChannelHandlerContext.java:362)
	at io.netty.channel.AbstractChannelHandlerContext.invokeChannelRead(AbstractChannelHandlerContext.java:348)
	at io.netty.channel.AbstractChannelHandlerContext.fireChannelRead(AbstractChannelHandlerContext.java:340)
	at io.netty.handler.codec.ByteToMessageDecoder.fireChannelRead(ByteToMessageDecoder.java:323)
	at io.netty.handler.codec.ByteToMessageDecoder.channelRead(ByteToMessageDecoder.java:297)
	at io.netty.channel.AbstractChannelHandlerContext.invokeChannelRead(AbstractChannelHandlerContext.java:362)
	at io.netty.channel.AbstractChannelHandlerContext.invokeChannelRead(AbstractChannelHandlerContext.java:348)
	at io.netty.channel.AbstractChannelHandlerContext.fireChannelRead(AbstractChannelHandlerContext.java:340)
	at io.netty.channel.DefaultChannelPipeline$HeadContext.channelRead(DefaultChannelPipeline.java:1434)
	at io.netty.channel.AbstractChannelHandlerContext.invokeChannelRead(AbstractChannelHandlerContext.java:362)
	at io.netty.channel.AbstractChannelHandlerContext.invokeChannelRead(AbstractChannelHandlerContext.java:348)
	at io.netty.channel.DefaultChannelPipeline.fireChannelRead(DefaultChannelPipeline.java:965)
	at io.netty.channel.epoll.AbstractEpollStreamChannel$EpollStreamUnsafe.epollInReady(AbstractEpollStreamChannel.java:799)
	at io.netty.channel.epoll.EpollEventLoop.processReady(EpollEventLoop.java:421)
	at io.netty.channel.epoll.EpollEventLoop.run(EpollEventLoop.java:321)
	at io.netty.util.concurrent.SingleThreadEventExecutor$5.run(SingleThreadEventExecutor.java:897)
	at java.util.concurrent.ThreadPoolExecutor.runWorker(ThreadPoolExecutor.java:1149)
	at java.util.concurrent.ThreadPoolExecutor$Worker.run(ThreadPoolExecutor.java:624)
	at java.lang.Thread.run(Thread.java:748)
2020-02-20 13:40:47 下午 [Thread: pool-2-thread-2][ Class:netty.Handler >> Method: netty.Handler.channelRead(Handler.java:29) ]
INFO:===================进入netty channelRead了=======================
2020-02-20 13:40:47 下午 [Thread: pool-2-thread-2][ Class:netty.Handler >> Method: netty.Handler.channelRead(Handler.java:31) ]
INFO:进入http请求了
2020-02-20 13:40:47 下午 [Thread: pool-2-thread-2][ Class:io.netty.channel.DefaultChannelPipeline >> Method: io.netty.channel.DefaultChannelPipeline.onUnhandledInboundException(DefaultChannelPipeline.java:1188) ]
WARN:An exceptionCaught() event was fired, and it reached at the tail of the pipeline. It usually means the last handler in the pipeline did not handle the exception.
java.lang.ArrayIndexOutOfBoundsException: 2
	at netty.Handler.handleHttpRequest(Handler.java:64)
	at netty.Handler.channelRead(Handler.java:32)
	at io.netty.channel.AbstractChannelHandlerContext.invokeChannelRead(AbstractChannelHandlerContext.java:362)
	at io.netty.channel.AbstractChannelHandlerContext.invokeChannelRead(AbstractChannelHandlerContext.java:348)
	at io.netty.channel.AbstractChannelHandlerContext.fireChannelRead(AbstractChannelHandlerContext.java:340)
	at io.netty.channel.ChannelInboundHandlerAdapter.channelRead(ChannelInboundHandlerAdapter.java:86)
	at io.netty.channel.AbstractChannelHandlerContext.invokeChannelRead(AbstractChannelHandlerContext.java:362)
	at io.netty.channel.AbstractChannelHandlerContext.invokeChannelRead(AbstractChannelHandlerContext.java:348)
	at io.netty.channel.AbstractChannelHandlerContext.fireChannelRead(AbstractChannelHandlerContext.java:340)
	at io.netty.handler.codec.MessageToMessageDecoder.channelRead(MessageToMessageDecoder.java:102)
	at io.netty.channel.AbstractChannelHandlerContext.invokeChannelRead(AbstractChannelHandlerContext.java:362)
	at io.netty.channel.AbstractChannelHandlerContext.invokeChannelRead(AbstractChannelHandlerContext.java:348)
	at io.netty.channel.AbstractChannelHandlerContext.fireChannelRead(AbstractChannelHandlerContext.java:340)
	at io.netty.handler.codec.ByteToMessageDecoder.fireChannelRead(ByteToMessageDecoder.java:323)
	at io.netty.handler.codec.ByteToMessageDecoder.channelRead(ByteToMessageDecoder.java:297)
	at io.netty.channel.AbstractChannelHandlerContext.invokeChannelRead(AbstractChannelHandlerContext.java:362)
	at io.netty.channel.AbstractChannelHandlerContext.invokeChannelRead(AbstractChannelHandlerContext.java:348)
	at io.netty.channel.AbstractChannelHandlerContext.fireChannelRead(AbstractChannelHandlerContext.java:340)
	at io.netty.channel.DefaultChannelPipeline$HeadContext.channelRead(DefaultChannelPipeline.java:1434)
	at io.netty.channel.AbstractChannelHandlerContext.invokeChannelRead(AbstractChannelHandlerContext.java:362)
	at io.netty.channel.AbstractChannelHandlerContext.invokeChannelRead(AbstractChannelHandlerContext.java:348)
	at io.netty.channel.DefaultChannelPipeline.fireChannelRead(DefaultChannelPipeline.java:965)
	at io.netty.channel.epoll.AbstractEpollStreamChannel$EpollStreamUnsafe.epollInReady(AbstractEpollStreamChannel.java:799)
	at io.netty.channel.epoll.EpollEventLoop.processReady(EpollEventLoop.java:421)
	at io.netty.channel.epoll.EpollEventLoop.run(EpollEventLoop.java:321)
	at io.netty.util.concurrent.SingleThreadEventExecutor$5.run(SingleThreadEventExecutor.java:897)
	at java.util.concurrent.ThreadPoolExecutor.runWorker(ThreadPoolExecutor.java:1149)
	at java.util.concurrent.ThreadPoolExecutor$Worker.run(ThreadPoolExecutor.java:624)
	at java.lang.Thread.run(Thread.java:748)
2020-02-20 13:40:55 下午 [Thread: pool-2-thread-3][ Class:netty.Handler >> Method: netty.Handler.channelRead(Handler.java:29) ]
INFO:===================进入netty channelRead了=======================
2020-02-20 13:40:55 下午 [Thread: pool-2-thread-3][ Class:netty.Handler >> Method: netty.Handler.channelRead(Handler.java:31) ]
INFO:进入http请求了
2020-02-20 13:40:55 下午 [Thread: pool-2-thread-3][ Class:io.netty.channel.DefaultChannelPipeline >> Method: io.netty.channel.DefaultChannelPipeline.onUnhandledInboundException(DefaultChannelPipeline.java:1188) ]
WARN:An exceptionCaught() event was fired, and it reached at the tail of the pipeline. It usually means the last handler in the pipeline did not handle the exception.
java.lang.ArrayIndexOutOfBoundsException: 3
	at netty.Handler.handleHttpRequest(Handler.java:64)
	at netty.Handler.channelRead(Handler.java:32)
	at io.netty.channel.AbstractChannelHandlerContext.invokeChannelRead(AbstractChannelHandlerContext.java:362)
	at io.netty.channel.AbstractChannelHandlerContext.invokeChannelRead(AbstractChannelHandlerContext.java:348)
	at io.netty.channel.AbstractChannelHandlerContext.fireChannelRead(AbstractChannelHandlerContext.java:340)
	at io.netty.channel.ChannelInboundHandlerAdapter.channelRead(ChannelInboundHandlerAdapter.java:86)
	at io.netty.channel.AbstractChannelHandlerContext.invokeChannelRead(AbstractChannelHandlerContext.java:362)
	at io.netty.channel.AbstractChannelHandlerContext.invokeChannelRead(AbstractChannelHandlerContext.java:348)
	at io.netty.channel.AbstractChannelHandlerContext.fireChannelRead(AbstractChannelHandlerContext.java:340)
	at io.netty.handler.codec.MessageToMessageDecoder.channelRead(MessageToMessageDecoder.java:102)
	at io.netty.channel.AbstractChannelHandlerContext.invokeChannelRead(AbstractChannelHandlerContext.java:362)
	at io.netty.channel.AbstractChannelHandlerContext.invokeChannelRead(AbstractChannelHandlerContext.java:348)
	at io.netty.channel.AbstractChannelHandlerContext.fireChannelRead(AbstractChannelHandlerContext.java:340)
	at io.netty.handler.codec.ByteToMessageDecoder.fireChannelRead(ByteToMessageDecoder.java:323)
	at io.netty.handler.codec.ByteToMessageDecoder.channelRead(ByteToMessageDecoder.java:297)
	at io.netty.channel.AbstractChannelHandlerContext.invokeChannelRead(AbstractChannelHandlerContext.java:362)
	at io.netty.channel.AbstractChannelHandlerContext.invokeChannelRead(AbstractChannelHandlerContext.java:348)
	at io.netty.channel.AbstractChannelHandlerContext.fireChannelRead(AbstractChannelHandlerContext.java:340)
	at io.netty.channel.DefaultChannelPipeline$HeadContext.channelRead(DefaultChannelPipeline.java:1434)
	at io.netty.channel.AbstractChannelHandlerContext.invokeChannelRead(AbstractChannelHandlerContext.java:362)
	at io.netty.channel.AbstractChannelHandlerContext.invokeChannelRead(AbstractChannelHandlerContext.java:348)
	at io.netty.channel.DefaultChannelPipeline.fireChannelRead(DefaultChannelPipeline.java:965)
	at io.netty.channel.epoll.AbstractEpollStreamChannel$EpollStreamUnsafe.epollInReady(AbstractEpollStreamChannel.java:799)
	at io.netty.channel.epoll.EpollEventLoop.processReady(EpollEventLoop.java:421)
	at io.netty.channel.epoll.EpollEventLoop.run(EpollEventLoop.java:321)
	at io.netty.util.concurrent.SingleThreadEventExecutor$5.run(SingleThreadEventExecutor.java:897)
	at java.util.concurrent.ThreadPoolExecutor.runWorker(ThreadPoolExecutor.java:1149)
	at java.util.concurrent.ThreadPoolExecutor$Worker.run(ThreadPoolExecutor.java:624)
	at java.lang.Thread.run(Thread.java:748)
2020-02-20 13:41:03 下午 [Thread: pool-2-thread-4][ Class:netty.Handler >> Method: netty.Handler.channelRead(Handler.java:29) ]
INFO:===================进入netty channelRead了=======================
2020-02-20 13:41:03 下午 [Thread: pool-2-thread-4][ Class:netty.Handler >> Method: netty.Handler.channelRead(Handler.java:31) ]
INFO:进入http请求了
2020-02-20 13:41:03 下午 [Thread: pool-2-thread-4][ Class:netty.Handler >> Method: netty.Handler.handleHttpRequest(Handler.java:64) ]
INFO:data:,URL: /t1/t2/t3,URLsplit: [1]:t1,[2]:t2,[3]:t3
2020-02-20 13:41:03 下午 [Thread: pool-2-thread-4][ Class:netty.Handler >> Method: netty.Handler.handleHttpRequest(Handler.java:69) ]
ERROR:===========全局异常错误!!!===========
2020-02-20 13:41:03 下午 [Thread: pool-2-thread-4][ Class:netty.Handler >> Method: netty.Handler.channelRead(Handler.java:39) ]
INFO:最后返回数据{"message":"Bad"}
2020-02-20 13:41:03 下午 [Thread: pool-2-thread-4][ Class:netty.Handler >> Method: netty.Handler.channelRead(Handler.java:29) ]
INFO:===================进入netty channelRead了=======================
2020-02-20 13:41:03 下午 [Thread: pool-2-thread-4][ Class:netty.Handler >> Method: netty.Handler.channelRead(Handler.java:31) ]
INFO:进入http请求了
2020-02-20 13:41:03 下午 [Thread: pool-2-thread-4][ Class:io.netty.channel.DefaultChannelPipeline >> Method: io.netty.channel.DefaultChannelPipeline.onUnhandledInboundException(DefaultChannelPipeline.java:1188) ]
WARN:An exceptionCaught() event was fired, and it reached at the tail of the pipeline. It usually means the last handler in the pipeline did not handle the exception.
java.lang.ArrayIndexOutOfBoundsException: 2
	at netty.Handler.handleHttpRequest(Handler.java:64)
	at netty.Handler.channelRead(Handler.java:32)
	at io.netty.channel.AbstractChannelHandlerContext.invokeChannelRead(AbstractChannelHandlerContext.java:362)
	at io.netty.channel.AbstractChannelHandlerContext.invokeChannelRead(AbstractChannelHandlerContext.java:348)
	at io.netty.channel.AbstractChannelHandlerContext.fireChannelRead(AbstractChannelHandlerContext.java:340)
	at io.netty.channel.ChannelInboundHandlerAdapter.channelRead(ChannelInboundHandlerAdapter.java:86)
	at io.netty.channel.AbstractChannelHandlerContext.invokeChannelRead(AbstractChannelHandlerContext.java:362)
	at io.netty.channel.AbstractChannelHandlerContext.invokeChannelRead(AbstractChannelHandlerContext.java:348)
	at io.netty.channel.AbstractChannelHandlerContext.fireChannelRead(AbstractChannelHandlerContext.java:340)
	at io.netty.handler.codec.MessageToMessageDecoder.channelRead(MessageToMessageDecoder.java:102)
	at io.netty.channel.AbstractChannelHandlerContext.invokeChannelRead(AbstractChannelHandlerContext.java:362)
	at io.netty.channel.AbstractChannelHandlerContext.invokeChannelRead(AbstractChannelHandlerContext.java:348)
	at io.netty.channel.AbstractChannelHandlerContext.fireChannelRead(AbstractChannelHandlerContext.java:340)
	at io.netty.handler.codec.ByteToMessageDecoder.fireChannelRead(ByteToMessageDecoder.java:323)
	at io.netty.handler.codec.ByteToMessageDecoder.channelRead(ByteToMessageDecoder.java:297)
	at io.netty.channel.AbstractChannelHandlerContext.invokeChannelRead(AbstractChannelHandlerContext.java:362)
	at io.netty.channel.AbstractChannelHandlerContext.invokeChannelRead(AbstractChannelHandlerContext.java:348)
	at io.netty.channel.AbstractChannelHandlerContext.fireChannelRead(AbstractChannelHandlerContext.java:340)
	at io.netty.channel.DefaultChannelPipeline$HeadContext.channelRead(DefaultChannelPipeline.java:1434)
	at io.netty.channel.AbstractChannelHandlerContext.invokeChannelRead(AbstractChannelHandlerContext.java:362)
	at io.netty.channel.AbstractChannelHandlerContext.invokeChannelRead(AbstractChannelHandlerContext.java:348)
	at io.netty.channel.DefaultChannelPipeline.fireChannelRead(DefaultChannelPipeline.java:965)
	at io.netty.channel.epoll.AbstractEpollStreamChannel$EpollStreamUnsafe.epollInReady(AbstractEpollStreamChannel.java:799)
	at io.netty.channel.epoll.EpollEventLoop.processReady(EpollEventLoop.java:421)
	at io.netty.channel.epoll.EpollEventLoop.run(EpollEventLoop.java:321)
	at io.netty.util.concurrent.SingleThreadEventExecutor$5.run(SingleThreadEventExecutor.java:897)
	at java.util.concurrent.ThreadPoolExecutor.runWorker(ThreadPoolExecutor.java:1149)
	at java.util.concurrent.ThreadPoolExecutor$Worker.run(ThreadPoolExecutor.java:624)
	at java.lang.Thread.run(Thread.java:748)
2020-02-20 13:44:22 下午 [Thread: pool-2-thread-1][ Class:netty.Handler >> Method: netty.Handler.channelRead(Handler.java:29) ]
INFO:===================进入netty channelRead了=======================
2020-02-20 13:44:22 下午 [Thread: pool-2-thread-1][ Class:netty.Handler >> Method: netty.Handler.channelRead(Handler.java:31) ]
INFO:进入http请求了
2020-02-20 13:44:22 下午 [Thread: pool-2-thread-1][ Class:io.netty.channel.DefaultChannelPipeline >> Method: io.netty.channel.DefaultChannelPipeline.onUnhandledInboundException(DefaultChannelPipeline.java:1188) ]
WARN:An exceptionCaught() event was fired, and it reached at the tail of the pipeline. It usually means the last handler in the pipeline did not handle the exception.
java.lang.ArrayIndexOutOfBoundsException: 1
	at netty.Handler.handleHttpRequest(Handler.java:89)
	at netty.Handler.channelRead(Handler.java:32)
	at io.netty.channel.AbstractChannelHandlerContext.invokeChannelRead(AbstractChannelHandlerContext.java:362)
	at io.netty.channel.AbstractChannelHandlerContext.invokeChannelRead(AbstractChannelHandlerContext.java:348)
	at io.netty.channel.AbstractChannelHandlerContext.fireChannelRead(AbstractChannelHandlerContext.java:340)
	at io.netty.channel.ChannelInboundHandlerAdapter.channelRead(ChannelInboundHandlerAdapter.java:86)
	at io.netty.channel.AbstractChannelHandlerContext.invokeChannelRead(AbstractChannelHandlerContext.java:362)
	at io.netty.channel.AbstractChannelHandlerContext.invokeChannelRead(AbstractChannelHandlerContext.java:348)
	at io.netty.channel.AbstractChannelHandlerContext.fireChannelRead(AbstractChannelHandlerContext.java:340)
	at io.netty.handler.codec.MessageToMessageDecoder.channelRead(MessageToMessageDecoder.java:102)
	at io.netty.channel.AbstractChannelHandlerContext.invokeChannelRead(AbstractChannelHandlerContext.java:362)
	at io.netty.channel.AbstractChannelHandlerContext.invokeChannelRead(AbstractChannelHandlerContext.java:348)
	at io.netty.channel.AbstractChannelHandlerContext.fireChannelRead(AbstractChannelHandlerContext.java:340)
	at io.netty.handler.codec.ByteToMessageDecoder.fireChannelRead(ByteToMessageDecoder.java:323)
	at io.netty.handler.codec.ByteToMessageDecoder.channelRead(ByteToMessageDecoder.java:297)
	at io.netty.channel.AbstractChannelHandlerContext.invokeChannelRead(AbstractChannelHandlerContext.java:362)
	at io.netty.channel.AbstractChannelHandlerContext.invokeChannelRead(AbstractChannelHandlerContext.java:348)
	at io.netty.channel.AbstractChannelHandlerContext.fireChannelRead(AbstractChannelHandlerContext.java:340)
	at io.netty.channel.DefaultChannelPipeline$HeadContext.channelRead(DefaultChannelPipeline.java:1434)
	at io.netty.channel.AbstractChannelHandlerContext.invokeChannelRead(AbstractChannelHandlerContext.java:362)
	at io.netty.channel.AbstractChannelHandlerContext.invokeChannelRead(AbstractChannelHandlerContext.java:348)
	at io.netty.channel.DefaultChannelPipeline.fireChannelRead(DefaultChannelPipeline.java:965)
	at io.netty.channel.epoll.AbstractEpollStreamChannel$EpollStreamUnsafe.epollInReady(AbstractEpollStreamChannel.java:799)
	at io.netty.channel.epoll.EpollEventLoop.processReady(EpollEventLoop.java:421)
	at io.netty.channel.epoll.EpollEventLoop.run(EpollEventLoop.java:321)
	at io.netty.util.concurrent.SingleThreadEventExecutor$5.run(SingleThreadEventExecutor.java:897)
	at java.util.concurrent.ThreadPoolExecutor.runWorker(ThreadPoolExecutor.java:1149)
	at java.util.concurrent.ThreadPoolExecutor$Worker.run(ThreadPoolExecutor.java:624)
	at java.lang.Thread.run(Thread.java:748)
2020-02-20 13:44:37 下午 [Thread: pool-2-thread-2][ Class:netty.Handler >> Method: netty.Handler.channelRead(Handler.java:29) ]
INFO:===================进入netty channelRead了=======================
2020-02-20 13:44:37 下午 [Thread: pool-2-thread-2][ Class:netty.Handler >> Method: netty.Handler.channelRead(Handler.java:31) ]
INFO:进入http请求了
2020-02-20 13:44:37 下午 [Thread: pool-2-thread-2][ Class:io.netty.channel.DefaultChannelPipeline >> Method: io.netty.channel.DefaultChannelPipeline.onUnhandledInboundException(DefaultChannelPipeline.java:1188) ]
WARN:An exceptionCaught() event was fired, and it reached at the tail of the pipeline. It usually means the last handler in the pipeline did not handle the exception.
java.lang.ArrayIndexOutOfBoundsException: 2
	at netty.Handler.handleHttpRequest(Handler.java:83)
	at netty.Handler.channelRead(Handler.java:32)
	at io.netty.channel.AbstractChannelHandlerContext.invokeChannelRead(AbstractChannelHandlerContext.java:362)
	at io.netty.channel.AbstractChannelHandlerContext.invokeChannelRead(AbstractChannelHandlerContext.java:348)
	at io.netty.channel.AbstractChannelHandlerContext.fireChannelRead(AbstractChannelHandlerContext.java:340)
	at io.netty.channel.ChannelInboundHandlerAdapter.channelRead(ChannelInboundHandlerAdapter.java:86)
	at io.netty.channel.AbstractChannelHandlerContext.invokeChannelRead(AbstractChannelHandlerContext.java:362)
	at io.netty.channel.AbstractChannelHandlerContext.invokeChannelRead(AbstractChannelHandlerContext.java:348)
	at io.netty.channel.AbstractChannelHandlerContext.fireChannelRead(AbstractChannelHandlerContext.java:340)
	at io.netty.handler.codec.MessageToMessageDecoder.channelRead(MessageToMessageDecoder.java:102)
	at io.netty.channel.AbstractChannelHandlerContext.invokeChannelRead(AbstractChannelHandlerContext.java:362)
	at io.netty.channel.AbstractChannelHandlerContext.invokeChannelRead(AbstractChannelHandlerContext.java:348)
	at io.netty.channel.AbstractChannelHandlerContext.fireChannelRead(AbstractChannelHandlerContext.java:340)
	at io.netty.handler.codec.ByteToMessageDecoder.fireChannelRead(ByteToMessageDecoder.java:323)
	at io.netty.handler.codec.ByteToMessageDecoder.channelRead(ByteToMessageDecoder.java:297)
	at io.netty.channel.AbstractChannelHandlerContext.invokeChannelRead(AbstractChannelHandlerContext.java:362)
	at io.netty.channel.AbstractChannelHandlerContext.invokeChannelRead(AbstractChannelHandlerContext.java:348)
	at io.netty.channel.AbstractChannelHandlerContext.fireChannelRead(AbstractChannelHandlerContext.java:340)
	at io.netty.channel.DefaultChannelPipeline$HeadContext.channelRead(DefaultChannelPipeline.java:1434)
	at io.netty.channel.AbstractChannelHandlerContext.invokeChannelRead(AbstractChannelHandlerContext.java:362)
	at io.netty.channel.AbstractChannelHandlerContext.invokeChannelRead(AbstractChannelHandlerContext.java:348)
	at io.netty.channel.DefaultChannelPipeline.fireChannelRead(DefaultChannelPipeline.java:965)
	at io.netty.channel.epoll.AbstractEpollStreamChannel$EpollStreamUnsafe.epollInReady(AbstractEpollStreamChannel.java:799)
	at io.netty.channel.epoll.EpollEventLoop.processReady(EpollEventLoop.java:421)
	at io.netty.channel.epoll.EpollEventLoop.run(EpollEventLoop.java:321)
	at io.netty.util.concurrent.SingleThreadEventExecutor$5.run(SingleThreadEventExecutor.java:897)
	at java.util.concurrent.ThreadPoolExecutor.runWorker(ThreadPoolExecutor.java:1149)
	at java.util.concurrent.ThreadPoolExecutor$Worker.run(ThreadPoolExecutor.java:624)
	at java.lang.Thread.run(Thread.java:748)
2020-02-20 13:45:06 下午 [Thread: pool-2-thread-1][ Class:netty.Handler >> Method: netty.Handler.channelRead(Handler.java:29) ]
INFO:===================进入netty channelRead了=======================
2020-02-20 13:45:06 下午 [Thread: pool-2-thread-1][ Class:netty.Handler >> Method: netty.Handler.channelRead(Handler.java:31) ]
INFO:进入http请求了
2020-02-20 13:45:06 下午 [Thread: pool-2-thread-1][ Class:io.netty.channel.DefaultChannelPipeline >> Method: io.netty.channel.DefaultChannelPipeline.onUnhandledInboundException(DefaultChannelPipeline.java:1188) ]
WARN:An exceptionCaught() event was fired, and it reached at the tail of the pipeline. It usually means the last handler in the pipeline did not handle the exception.
java.lang.ArrayIndexOutOfBoundsException: 1
	at netty.Handler.handleHttpRequest(Handler.java:89)
	at netty.Handler.channelRead(Handler.java:32)
	at io.netty.channel.AbstractChannelHandlerContext.invokeChannelRead(AbstractChannelHandlerContext.java:362)
	at io.netty.channel.AbstractChannelHandlerContext.invokeChannelRead(AbstractChannelHandlerContext.java:348)
	at io.netty.channel.AbstractChannelHandlerContext.fireChannelRead(AbstractChannelHandlerContext.java:340)
	at io.netty.channel.ChannelInboundHandlerAdapter.channelRead(ChannelInboundHandlerAdapter.java:86)
	at io.netty.channel.AbstractChannelHandlerContext.invokeChannelRead(AbstractChannelHandlerContext.java:362)
	at io.netty.channel.AbstractChannelHandlerContext.invokeChannelRead(AbstractChannelHandlerContext.java:348)
	at io.netty.channel.AbstractChannelHandlerContext.fireChannelRead(AbstractChannelHandlerContext.java:340)
	at io.netty.handler.codec.MessageToMessageDecoder.channelRead(MessageToMessageDecoder.java:102)
	at io.netty.channel.AbstractChannelHandlerContext.invokeChannelRead(AbstractChannelHandlerContext.java:362)
	at io.netty.channel.AbstractChannelHandlerContext.invokeChannelRead(AbstractChannelHandlerContext.java:348)
	at io.netty.channel.AbstractChannelHandlerContext.fireChannelRead(AbstractChannelHandlerContext.java:340)
	at io.netty.handler.codec.ByteToMessageDecoder.fireChannelRead(ByteToMessageDecoder.java:323)
	at io.netty.handler.codec.ByteToMessageDecoder.channelRead(ByteToMessageDecoder.java:297)
	at io.netty.channel.AbstractChannelHandlerContext.invokeChannelRead(AbstractChannelHandlerContext.java:362)
	at io.netty.channel.AbstractChannelHandlerContext.invokeChannelRead(AbstractChannelHandlerContext.java:348)
	at io.netty.channel.AbstractChannelHandlerContext.fireChannelRead(AbstractChannelHandlerContext.java:340)
	at io.netty.channel.DefaultChannelPipeline$HeadContext.channelRead(DefaultChannelPipeline.java:1434)
	at io.netty.channel.AbstractChannelHandlerContext.invokeChannelRead(AbstractChannelHandlerContext.java:362)
	at io.netty.channel.AbstractChannelHandlerContext.invokeChannelRead(AbstractChannelHandlerContext.java:348)
	at io.netty.channel.DefaultChannelPipeline.fireChannelRead(DefaultChannelPipeline.java:965)
	at io.netty.channel.epoll.AbstractEpollStreamChannel$EpollStreamUnsafe.epollInReady(AbstractEpollStreamChannel.java:799)
	at io.netty.channel.epoll.EpollEventLoop.processReady(EpollEventLoop.java:421)
	at io.netty.channel.epoll.EpollEventLoop.run(EpollEventLoop.java:321)
	at io.netty.util.concurrent.SingleThreadEventExecutor$5.run(SingleThreadEventExecutor.java:897)
	at java.util.concurrent.ThreadPoolExecutor.runWorker(ThreadPoolExecutor.java:1149)
	at java.util.concurrent.ThreadPoolExecutor$Worker.run(ThreadPoolExecutor.java:624)
	at java.lang.Thread.run(Thread.java:748)
2020-02-20 16:28:49 下午 [Thread: main][ Class:com.aliyun.oss >> Method: com.aliyun.oss.internal.OSSObjectOperation.writeObjectInternal(OSSObjectOperation.java:766) ]
INFO:Illegal file path: /home/lyy/uptxt/home/lyy/uptxt/class_kind_page1.json
2020-02-20 16:29:21 下午 [Thread: main][ Class:com.aliyun.oss >> Method: com.aliyun.oss.internal.OSSObjectOperation.writeObjectInternal(OSSObjectOperation.java:766) ]
INFO:Illegal file path: /home/lyy/uptxt/home/lyy/uptxt/class_kind_page1.json
2020-02-20 16:56:33 下午 [Thread: main][ Class:com.aliyun.oss >> Method: com.aliyun.oss.common.utils.LogUtils.logException(LogUtils.java:66) ]
INFO:[Server]Unable to execute HTTP request: The specified key does not exist.
[ErrorCode]: NoSuchKey
[RequestId]: 5E4E49C05C74183235BF31E4
[HostId]: 10056.oss-cn-beijing.aliyuncs.com
[ResponseError]:
<?xml version="1.0" encoding="UTF-8"?>
<Error>
  <Code>NoSuchKey</Code>
  <Message>The specified key does not exist.</Message>
  <RequestId>5E4E49C05C74183235BF31E4</RequestId>
  <HostId>10056.oss-cn-beijing.aliyuncs.com</HostId>
  <Key>class_kind_1.json</Key>
</Error>

2020-02-20 17:28:32 下午 [Thread: main][ Class:com.aliyun.oss >> Method: com.aliyun.oss.common.utils.LogUtils.logException(LogUtils.java:70) ]
WARN:[Server]Unable to execute HTTP request: Position is not equal to file length
[ErrorCode]: PositionNotEqualToLength
[RequestId]: 5E4E514070A7D335316FB301
[HostId]: 10056.oss-cn-beijing.aliyuncs.com
[ResponseError]:
<?xml version="1.0" encoding="UTF-8"?>
<Error>
  <Code>PositionNotEqualToLength</Code>
  <Message>Position is not equal to file length</Message>
  <RequestId>5E4E514070A7D335316FB301</RequestId>
  <HostId>10056.oss-cn-beijing.aliyuncs.com</HostId>
</Error>

2020-02-20 17:31:38 下午 [Thread: main][ Class:com.aliyun.oss >> Method: com.aliyun.oss.common.utils.LogUtils.logException(LogUtils.java:70) ]
WARN:[Server]Unable to execute HTTP request: Missing Some Required Arguments.
[ErrorCode]: MissingArgument
[RequestId]: 5E4E51FAACB2DB3632C6EFBE
[HostId]: 10056.oss-cn-beijing.aliyuncs.com
[ResponseError]:
<?xml version="1.0" encoding="UTF-8"?>
<Error>
  <Code>MissingArgument</Code>
  <Message>Missing Some Required Arguments.</Message>
  <RequestId>5E4E51FAACB2DB3632C6EFBE</RequestId>
  <HostId>10056.oss-cn-beijing.aliyuncs.com</HostId>
  <ArgumentName>position</ArgumentName>
</Error>

2020-02-20 17:33:08 下午 [Thread: main][ Class:com.aliyun.oss >> Method: com.aliyun.oss.common.utils.LogUtils.logException(LogUtils.java:70) ]
WARN:[Server]Unable to execute HTTP request: Missing Some Required Arguments.
[ErrorCode]: MissingArgument
[RequestId]: 5E4E525452FF5B3333127CFA
[HostId]: 10056.oss-cn-beijing.aliyuncs.com
[ResponseError]:
<?xml version="1.0" encoding="UTF-8"?>
<Error>
  <Code>MissingArgument</Code>
  <Message>Missing Some Required Arguments.</Message>
  <RequestId>5E4E525452FF5B3333127CFA</RequestId>
  <HostId>10056.oss-cn-beijing.aliyuncs.com</HostId>
  <ArgumentName>position</ArgumentName>
</Error>

