2020-02-21 01:05:03 上午 [Thread: main][ Class:com.aliyun.oss >> Method: com.aliyun.oss.common.utils.LogUtils.logException(LogUtils.java:70) ]
WARN:[Server]Unable to execute HTTP request: Position is not equal to file length
[ErrorCode]: PositionNotEqualToLength
[RequestId]: 5E4EBC3F7B69D03936136AE6
[HostId]: 10056.oss-cn-beijing.aliyuncs.com
[ResponseError]:
<?xml version="1.0" encoding="UTF-8"?>
<Error>
  <Code>PositionNotEqualToLength</Code>
  <Message>Position is not equal to file length</Message>
  <RequestId>5E4EBC3F7B69D03936136AE6</RequestId>
  <HostId>10056.oss-cn-beijing.aliyuncs.com</HostId>
</Error>

2020-02-21 01:24:14 上午 [Thread: main][ Class:com.aliyun.oss >> Method: com.aliyun.oss.common.utils.LogUtils.logException(LogUtils.java:70) ]
WARN:[Server]Unable to execute HTTP request: Position is not equal to file length
[ErrorCode]: PositionNotEqualToLength
[RequestId]: 5E4EC0BE07B9953833A27E21
[HostId]: 10056.oss-cn-beijing.aliyuncs.com
[ResponseError]:
<?xml version="1.0" encoding="UTF-8"?>
<Error>
  <Code>PositionNotEqualToLength</Code>
  <Message>Position is not equal to file length</Message>
  <RequestId>5E4EC0BE07B9953833A27E21</RequestId>
  <HostId>10056.oss-cn-beijing.aliyuncs.com</HostId>
</Error>

2020-02-21 16:03:06 下午 [Thread: main][ Class:dao.mapper.MybatisDao >> Method: dao.mapper.MybatisControl.addCourse(MybatisControl.java:63) ]
INFO:添加某人新课程
2020-02-21 19:00:16 下午 [Thread: main][ Class:dao.mapper.MybatisDao >> Method: dao.mapper.MybatisControl.addCourse(MybatisControl.java:66) ]
INFO:添加某人新课程
2020-02-21 19:01:16 下午 [Thread: main][ Class:dao.mapper.MybatisDao >> Method: dao.mapper.MybatisControl.addCourse(MybatisControl.java:66) ]
INFO:添加某人新课程
2020-02-21 21:44:53 下午 [Thread: main][ Class:dao.mapper.MybatisDao >> Method: dao.mapper.MybatisControl.addCourse(MybatisControl.java:69) ]
INFO:添加某人新课程
2020-02-21 23:02:26 下午 [Thread: main][ Class:dao.mapper.MybatisDao >> Method: dao.mapper.MybatisDao.testInsert(User_courseTest.java:38) ]
INFO:添加学生
